c:\users\okul\desktop\odeee\sınıfmantıgı\project1\project1\debug\vc120.pdb
c:\users\okul\desktop\odeee\sınıfmantıgı\project1\project1\debug\.netframework,versıon=v4.0.assemblyattrıbutes.obj
c:\users\okul\desktop\odeee\sınıfmantıgı\project1\project1\debug\myform.obj
c:\users\okul\desktop\odeee\sınıfmantıgı\project1\debug\project1.exe
c:\users\okul\desktop\odeee\sınıfmantıgı\project1\debug\project1.pdb
c:\users\okul\desktop\odeee\sınıfmantıgı\project1\project1\debug\project1.tlog\metagen.wrıte.1.tlog
c:\users\okul\desktop\odeee\sinifmantigi\project1\project1\debug\project1.myform.resources
c:\users\okul\desktop\odeee\sinifmantigi\project1\project1\debug\project1.vcxproj.generateresource.cache
c:\users\okul\desktop\odeee\sinifmantigi\project1\project1\debug\project1.vcxprojresolveassemblyreference.cache
c:\users\okul\desktop\odeee\sinifmantigi\project1\project1\debug\.netframework,version=v4.0.assemblyattributes.obj
c:\users\okul\desktop\odeee\sinifmantigi\project1\project1\debug\myform.obj
c:\users\okul\desktop\odeee\sinifmantigi\project1\project1\debug\vc120.pdb
c:\users\okul\desktop\odeee\sinifmantigi\project1\project1\debug\brezel.xml
c:\users\okul\desktop\odeee\sinifmantigi\project1\debug\project1.pdb
c:\users\okul\desktop\odeee\sinifmantigi\project1\debug\project1.exe
c:\users\okul\desktop\odeee\sinifmantigi\project1\project1\debug\project1.tlog\cl.command.1.tlog
c:\users\okul\desktop\odeee\sinifmantigi\project1\project1\debug\project1.tlog\cl.read.1.tlog
c:\users\okul\desktop\odeee\sinifmantigi\project1\project1\debug\project1.tlog\cl.write.1.tlog
c:\users\okul\desktop\odeee\sinifmantigi\project1\project1\debug\project1.tlog\link.command.1.tlog
c:\users\okul\desktop\odeee\sinifmantigi\project1\project1\debug\project1.tlog\link.read.1.tlog
c:\users\okul\desktop\odeee\sinifmantigi\project1\project1\debug\project1.tlog\link.write.1.tlog
c:\users\okul\desktop\odeee\sinifmantigi\project1\project1\debug\project1.tlog\metagen.read.1.tlog
c:\users\okul\desktop\odeee\sinifmantigi\project1\project1\debug\project1.tlog\metagen.write.1.tlog
c:\users\okul\desktop\odeee\sinifmantigi\project1\project1\debug\project1.tlog\project1.write.1u.tlog
c:\users\okul\desktop\odeee\sinifmantigi\project1\project1\debug\project1.tlog\mscorlıb.dll.metagen
c:\users\okul\desktop\odeee\sinifmantigi\project1\project1\debug\project1.tlog\system.data.dll.metagen
c:\users\okul\desktop\odeee\sinifmantigi\project1\project1\debug\project1.tlog\system.dll.metagen
c:\users\okul\desktop\odeee\sinifmantigi\project1\project1\debug\project1.tlog\system.drawıng.dll.metagen
c:\users\okul\desktop\odeee\sinifmantigi\project1\project1\debug\project1.tlog\system.wındows.forms.dll.metagen
c:\users\okul\desktop\odeee\sinifmantigi\project1\project1\debug\project1.tlog\system.xml.dll.metagen
c:\users\okul\desktop\odeee\sinifmantigi\project1\project1\debug\project1.tlog\clr.dll.bi
c:\users\okul\desktop\odeee\sinifmantigi\project1\project1\debug\project1.tlog\cluı.dll.bi
c:\users\okul\desktop\odeee\sinifmantigi\project1\project1\debug\project1.tlog\mscorwks.dll.bi
c:\users\okul\desktop\odeee\sinifmantigi\project1\project1\debug\project1.tlog\tzres.dll.bi
