Build started 28.09.2018 16:04:43.
     1>Project "C:\Users\okul\Desktop\odeee\sinifmantigi\ConsoleApplication1 - yedek\ConsoleApplication1\ConsoleApplication1.vcxproj" on node 2 (Build target(s)).
     1>ClCompile:
         C:\Program Files (x86)\Microsoft Visual Studio 12.0\VC\bin\CL.exe /c /ZI /nologo /W3 /WX- /sdl /Od /Oy- /D "WIN32" /D _DEBUG /D _CONSOLE /D "_LIB" /D "_UNICODE" /D "UNICODE" /Gm /EHsc /RTC1 /MDd /GS /fp:precise /Zc:wchar_t /Zc:forScope /Yc"stdafx.h" /Fp"Debug\ConsoleApplication1.pch" /Fo"Debug\\" /Fd"Debug\vc120.pdb" /Gd /TP /analyze- /errorReport:prompt stdafx.cpp
         stdafx.cpp
         C:\Program Files (x86)\Microsoft Visual Studio 12.0\VC\bin\CL.exe /c /ZI /nologo /W3 /WX- /sdl /Od /Oy- /D "WIN32" /D _DEBUG /D _CONSOLE /D "_LIB" /D "_UNICODE" /D "UNICODE" /Gm /EHsc /RTC1 /MDd /GS /fp:precise /Zc:wchar_t /Zc:forScope /Yu"stdafx.h" /Fp"Debug\ConsoleApplication1.pch" /Fo"Debug\\" /Fd"Debug\vc120.pdb" /Gd /TP /analyze- /errorReport:prompt ConsoleApplication1.cpp
         ConsoleApplication1.cpp
     1>c:\users\okul\desktop\odeee\sinifmantigi\consoleapplication1 - yedek\consoleapplication1\consoleapplication1.cpp(172): warning C4244: '=' : conversion from 'int' to 'float', possible loss of data
     1>c:\users\okul\desktop\odeee\sinifmantigi\consoleapplication1 - yedek\consoleapplication1\consoleapplication1.cpp(173): warning C4244: '=' : conversion from 'int' to 'float', possible loss of data
     1>c:\users\okul\desktop\odeee\sinifmantigi\consoleapplication1 - yedek\consoleapplication1\consoleapplication1.cpp(19): warning C4101: 'i' : unreferenced local variable
     1>c:\users\okul\desktop\odeee\sinifmantigi\consoleapplication1 - yedek\consoleapplication1\consoleapplication1.cpp(18): warning C4101: 'channels' : unreferenced local variable
     1>c:\users\okul\desktop\odeee\sinifmantigi\consoleapplication1 - yedek\consoleapplication1\consoleapplication1.cpp(19): warning C4101: 'k' : unreferenced local variable
     1>c:\users\okul\desktop\odeee\sinifmantigi\consoleapplication1 - yedek\consoleapplication1\consoleapplication1.cpp(19): warning C4101: 'j' : unreferenced local variable
       Link:
         C:\Program Files (x86)\Microsoft Visual Studio 12.0\VC\bin\link.exe /ERRORREPORT:PROMPT /OUT:"C:\Users\okul\Desktop\odeee\sinifmantigi\ConsoleApplication1 - yedek\Debug\ConsoleApplication1.exe" /INCREMENTAL /NOLOGO opencv_calib3d2411d.lib opencv_contrib2411d.lib opencv_core2411.lib opencv_features2d2411d.lib opencv_flann2411d.lib opencv_gpu2411d.lib opencv_highgui2411d.lib opencv_imgproc2411.lib opencv_legacy2411d.lib opencv_ml2411d.lib opencv_nonfree2411d.lib opencv_objdetect2411d.lib opencv_photo2411d.lib opencv_stitching2411d.lib opencv_ts2411d.lib opencv_video2411d.lib opencv_videostab2411d.lib kernel32.lib user32.lib gdi32.lib winspool.lib comdlg32.lib advapi32.lib shell32.lib ole32.lib oleaut32.lib uuid.lib odbc32.lib odbccp32.lib /MANIFEST /MANIFESTUAC:"level='asInvoker' uiAccess='false'" /manifest:embed /DEBUG /PDB:"C:\Users\okul\Desktop\odeee\sinifmantigi\ConsoleApplication1 - yedek\Debug\ConsoleApplication1.pdb" /SUBSYSTEM:CONSOLE /TLBID:1 /DYNAMICBASE /NXCOMPAT /IMPLIB:"C:\Users\okul\Desktop\odeee\sinifmantigi\ConsoleApplication1 - yedek\Debug\ConsoleApplication1.lib" /MACHINE:X86 Debug\ConsoleApplication1.obj
         Debug\stdafx.obj
         ConsoleApplication1.vcxproj -> C:\Users\okul\Desktop\odeee\sinifmantigi\ConsoleApplication1 - yedek\Debug\ConsoleApplication1.exe
     1>Done Building Project "C:\Users\okul\Desktop\odeee\sinifmantigi\ConsoleApplication1 - yedek\ConsoleApplication1\ConsoleApplication1.vcxproj" (Build target(s)).

Build succeeded.

Time Elapsed 00:00:07.78
