c:\users\okul\desktop\odeee\sınıfmantıgı\consoleapplıcatıon1\consoleapplıcatıon1\x64\debug\consoleapplıcatıon1.pch
c:\users\okul\desktop\odeee\sınıfmantıgı\consoleapplıcatıon1\consoleapplıcatıon1\x64\debug\vc120.pdb
c:\users\okul\desktop\odeee\sınıfmantıgı\consoleapplıcatıon1\consoleapplıcatıon1\x64\debug\vc120.ıdb
c:\users\okul\desktop\odeee\sınıfmantıgı\consoleapplıcatıon1\consoleapplıcatıon1\x64\debug\stdafx.obj
c:\users\okul\desktop\odeee\sınıfmantıgı\consoleapplıcatıon1\consoleapplıcatıon1\x64\debug\consoleapplıcatıon1.obj
c:\users\okul\desktop\odeee\sınıfmantıgı\consoleapplıcatıon1\x64\debug\consoleapplıcatıon1.ılk
c:\users\okul\desktop\odeee\sınıfmantıgı\consoleapplıcatıon1\x64\debug\consoleapplıcatıon1.exe
c:\users\okul\desktop\odeee\sınıfmantıgı\consoleapplıcatıon1\x64\debug\consoleapplıcatıon1.pdb
c:\users\okul\desktop\odeee\sinifmantigi\consoleapplication1\consoleapplication1\x64\debug\consoleapplication1.obj
c:\users\okul\desktop\odeee\sinifmantigi\consoleapplication1\consoleapplication1\x64\debug\stdafx.obj
c:\users\okul\desktop\odeee\sinifmantigi\consoleapplication1\consoleapplication1\x64\debug\consoleapplication1.pch
c:\users\okul\desktop\odeee\sinifmantigi\consoleapplication1\consoleapplication1\x64\debug\vc120.idb
c:\users\okul\desktop\odeee\sinifmantigi\consoleapplication1\consoleapplication1\x64\debug\vc120.pdb
c:\users\okul\desktop\odeee\sinifmantigi\consoleapplication1\x64\debug\consoleapplication1.pdb
c:\users\okul\desktop\odeee\sinifmantigi\consoleapplication1\x64\debug\consoleapplication1.exe
c:\users\okul\desktop\odeee\sinifmantigi\consoleapplication1\x64\debug\consoleapplication1.ilk
c:\users\okul\desktop\odeee\sinifmantigi\consoleapplication1\consoleapplication1\x64\debug\consolea.58319a29.tlog\cl.command.1.tlog
c:\users\okul\desktop\odeee\sinifmantigi\consoleapplication1\consoleapplication1\x64\debug\consolea.58319a29.tlog\cl.read.1.tlog
c:\users\okul\desktop\odeee\sinifmantigi\consoleapplication1\consoleapplication1\x64\debug\consolea.58319a29.tlog\cl.write.1.tlog
c:\users\okul\desktop\odeee\sinifmantigi\consoleapplication1\consoleapplication1\x64\debug\consolea.58319a29.tlog\link.command.1.tlog
c:\users\okul\desktop\odeee\sinifmantigi\consoleapplication1\consoleapplication1\x64\debug\consolea.58319a29.tlog\link.read.1.tlog
c:\users\okul\desktop\odeee\sinifmantigi\consoleapplication1\consoleapplication1\x64\debug\consolea.58319a29.tlog\link.write.1.tlog
