c:\users\okul\desktop\odeee\sınıfmantıgı\consoleapplıcatıon16\consoleapplıcatıon16\x64\debug\consoleapplıcatıon16.pch
c:\users\okul\desktop\odeee\sınıfmantıgı\consoleapplıcatıon16\consoleapplıcatıon16\x64\debug\vc120.pdb
c:\users\okul\desktop\odeee\sınıfmantıgı\consoleapplıcatıon16\consoleapplıcatıon16\x64\debug\vc120.ıdb
c:\users\okul\desktop\odeee\sınıfmantıgı\consoleapplıcatıon16\consoleapplıcatıon16\x64\debug\stdafx.obj
c:\users\okul\desktop\odeee\sınıfmantıgı\consoleapplıcatıon16\consoleapplıcatıon16\x64\debug\consoleapplıcatıon16.obj
c:\users\okul\desktop\odeee\sınıfmantıgı\elalgılama__09052018\consoleapplıcatıon16\x64\debug\consoleapplıcatıon16.pch
c:\users\okul\desktop\odeee\sınıfmantıgı\elalgılama__09052018\consoleapplıcatıon16\x64\debug\vc120.pdb
c:\users\okul\desktop\odeee\sınıfmantıgı\elalgılama__09052018\consoleapplıcatıon16\x64\debug\vc120.ıdb
c:\users\okul\desktop\odeee\sınıfmantıgı\elalgılama__09052018\consoleapplıcatıon16\x64\debug\stdafx.obj
c:\users\okul\desktop\odeee\sınıfmantıgı\elalgılama__09052018\consoleapplıcatıon16\x64\debug\consoleapplıcatıon16.obj
c:\users\okul\desktop\odeee\sınıfmantıgı\consoleapplıcatıon16\x64\debug\consoleapplıcatıon16.ılk
c:\users\okul\desktop\odeee\sınıfmantıgı\consoleapplıcatıon16\x64\debug\consoleapplıcatıon16.exe
c:\users\okul\desktop\odeee\sınıfmantıgı\consoleapplıcatıon16\x64\debug\consoleapplıcatıon16.pdb
c:\users\okul\desktop\odeee\sınıfmantıgı\elalgılama__09052018\x64\debug\consoleapplıcatıon16.ılk
c:\users\okul\desktop\odeee\sınıfmantıgı\elalgılama__09052018\x64\debug\consoleapplıcatıon16.exe
c:\users\okul\desktop\odeee\sınıfmantıgı\elalgılama__09052018\x64\debug\consoleapplıcatıon16.pdb
c:\users\okul\desktop\odeee\sinifmantigi\elalgilama__09052018\consoleapplication16\x64\debug\consoleapplication16.obj
c:\users\okul\desktop\odeee\sinifmantigi\elalgilama__09052018\consoleapplication16\x64\debug\stdafx.obj
c:\users\okul\desktop\odeee\sinifmantigi\elalgilama__09052018\consoleapplication16\x64\debug\consoleapplication16.pch
c:\users\okul\desktop\odeee\sinifmantigi\elalgilama__09052018\consoleapplication16\x64\debug\vc120.idb
c:\users\okul\desktop\odeee\sinifmantigi\elalgilama__09052018\consoleapplication16\x64\debug\vc120.pdb
c:\users\okul\desktop\odeee\sinifmantigi\elalgilama__09052018\x64\debug\consoleapplication16.pdb
c:\users\okul\desktop\odeee\sinifmantigi\elalgilama__09052018\x64\debug\consoleapplication16.exe
c:\users\okul\desktop\odeee\sinifmantigi\elalgilama__09052018\x64\debug\consoleapplication16.ilk
c:\users\okul\desktop\odeee\sinifmantigi\elalgilama__09052018\consoleapplication16\x64\debug\consolea.33c4298d.tlog\cl.command.1.tlog
c:\users\okul\desktop\odeee\sinifmantigi\elalgilama__09052018\consoleapplication16\x64\debug\consolea.33c4298d.tlog\cl.read.1.tlog
c:\users\okul\desktop\odeee\sinifmantigi\elalgilama__09052018\consoleapplication16\x64\debug\consolea.33c4298d.tlog\cl.write.1.tlog
c:\users\okul\desktop\odeee\sinifmantigi\elalgilama__09052018\consoleapplication16\x64\debug\consolea.33c4298d.tlog\link.command.1.tlog
c:\users\okul\desktop\odeee\sinifmantigi\elalgilama__09052018\consoleapplication16\x64\debug\consolea.33c4298d.tlog\link.read.1.tlog
c:\users\okul\desktop\odeee\sinifmantigi\elalgilama__09052018\consoleapplication16\x64\debug\consolea.33c4298d.tlog\link.write.1.tlog
